TN:
SF:src\config\config.ts
FN:37,loadServerConfigs
FN:68,(anonymous_11)
FN:89,loadConfig
FNF:3
FNH:3
FNDA:4,loadServerConfigs
FNDA:2,(anonymous_11)
FNDA:7,loadConfig
DA:1,1
DA:2,1
DA:3,1
DA:6,1
DA:38,4
DA:40,4
DA:41,1
DA:47,3
DA:48,3
DA:49,3
DA:51,2
DA:52,0
DA:55,2
DA:57,2
DA:58,2
DA:59,0
DA:62,2
DA:63,0
DA:66,2
DA:68,2
DA:72,2
DA:73,0
DA:76,2
DA:78,1
DA:79,1
DA:81,0
DA:89,1
DA:90,7
DA:91,7
DA:93,7
DA:94,1
DA:97,6
DA:98,1
DA:101,5
DA:102,5
DA:103,1
DA:107,4
DA:109,2
LF:38
LH:33
BRDA:40,0,0,1
BRDA:40,0,1,3
BRDA:51,1,0,0
BRDA:51,1,1,2
BRDA:51,2,0,2
BRDA:51,2,1,2
BRDA:58,3,0,0
BRDA:58,3,1,2
BRDA:62,4,0,0
BRDA:62,4,1,2
BRDA:68,5,0,2
BRDA:68,5,1,2
BRDA:72,6,0,0
BRDA:72,6,1,2
BRDA:78,7,0,1
BRDA:78,7,1,0
BRDA:93,8,0,1
BRDA:93,8,1,6
BRDA:97,9,0,1
BRDA:97,9,1,5
BRDA:102,10,0,1
BRDA:102,10,1,4
BRDA:102,11,0,5
BRDA:102,11,1,4
BRF:24
BRH:19
end_of_record
TN:
SF:src\services\api\ApiService.ts
FN:21,(anonymous_0)
FN:43,(anonymous_1)
FN:63,(anonymous_2)
FN:100,(anonymous_3)
FN:129,(anonymous_4)
FN:143,(anonymous_5)
FN:189,(anonymous_6)
FN:226,(anonymous_7)
FNF:8
FNH:0
FNDA:0,(anonymous_0)
FNDA:0,(anonymous_1)
FNDA:0,(anonymous_2)
FNDA:0,(anonymous_3)
FNDA:0,(anonymous_4)
FNDA:0,(anonymous_5)
FNDA:0,(anonymous_6)
FNDA:0,(anonymous_7)
DA:1,1
DA:2,1
DA:17,1
DA:22,0
DA:26,0
DA:34,0
DA:44,0
DA:46,0
DA:47,0
DA:50,0
DA:51,0
DA:54,0
DA:57,0
DA:63,0
DA:64,0
DA:69,0
DA:72,0
DA:75,0
DA:76,0
DA:77,0
DA:79,0
DA:80,0
DA:82,0
DA:86,0
DA:87,0
DA:89,0
DA:90,0
DA:101,0
DA:103,0
DA:104,0
DA:106,0
DA:107,0
DA:110,0
DA:111,0
DA:114,0
DA:115,0
DA:117,0
DA:118,0
DA:130,0
DA:131,0
DA:134,0
DA:138,0
DA:139,0
DA:143,0
DA:145,0
DA:149,0
DA:152,0
DA:155,0
DA:160,0
DA:161,0
DA:162,0
DA:163,0
DA:165,0
DA:166,0
DA:171,0
DA:174,0
DA:176,0
DA:178,0
DA:179,0
DA:190,0
DA:192,0
DA:196,0
DA:215,0
DA:216,0
DA:220,0
DA:227,0
LF:66
LH:3
BRDA:46,0,0,0
BRDA:46,0,1,0
BRDA:79,1,0,0
BRDA:79,1,1,0
BRDA:79,2,0,0
BRDA:79,2,1,0
BRDA:79,2,2,0
BRDA:145,3,0,0
BRDA:145,3,1,0
BRDA:145,4,0,0
BRDA:145,4,1,0
BRDA:146,5,0,0
BRDA:146,5,1,0
BRDA:149,6,0,0
BRDA:149,6,1,0
BRDA:149,7,0,0
BRDA:149,7,1,0
BRDA:150,8,0,0
BRDA:150,8,1,0
BRDA:152,9,0,0
BRDA:152,9,1,0
BRDA:162,10,0,0
BRDA:162,10,1,0
BRDA:165,11,0,0
BRDA:165,11,1,0
BRDA:215,12,0,0
BRDA:215,12,1,0
BRDA:216,13,0,0
BRDA:216,13,1,0
BRF:29
BRH:0
end_of_record
TN:
SF:src\services\battle\BattleFormatter.ts
FN:16,formatNumber
FN:28,createDamageBar
FN:64,createPointsBar
FN:97,getCountryName
FN:108,getRegionName
FN:119,formatTimestamp
FN:133,formatChangeLog
FN:176,getChangeIndicator
FN:194,formatSingleBattle
FN:365,(anonymous_9)
FNF:10
FNH:10
FNDA:116,formatNumber
FNDA:11,createDamageBar
FNDA:11,createPointsBar
FNDA:22,getCountryName
FNDA:11,getRegionName
FNDA:25,formatTimestamp
FNDA:2,formatChangeLog
FNDA:7,getChangeIndicator
FNDA:11,formatSingleBattle
FNDA:11,(anonymous_9)
DA:17,116
DA:29,11
DA:31,11
DA:33,0
DA:34,0
DA:38,11
DA:39,11
DA:40,11
DA:44,11
DA:45,11
DA:48,11
DA:49,11
DA:52,11
DA:67,11
DA:68,11
DA:69,11
DA:72,11
DA:73,11
DA:76,11
DA:77,11
DA:81,11
DA:86,11
DA:91,11
DA:98,22
DA:99,22
DA:100,5
DA:102,17
DA:109,11
DA:110,11
DA:111,1
DA:113,10
DA:120,25
DA:121,25
DA:122,25
DA:123,25
DA:124,25
DA:125,25
DA:127,25
DA:134,2
DA:136,2
DA:137,2
DA:140,2
DA:141,25
DA:142,25
DA:143,25
DA:144,25
DA:145,25
DA:146,25
DA:151,25
DA:152,0
DA:154,25
DA:158,25
DA:159,25
DA:160,1
DA:163,24
DA:164,24
DA:167,2
DA:177,7
DA:179,4
DA:181,3
DA:183,0
DA:185,0
DA:187,0
DA:202,11
DA:203,11
DA:206,11
DA:207,11
DA:209,11
DA:210,11
DA:211,11
DA:212,11
DA:215,11
DA:216,11
DA:219,11
DA:226,11
DA:227,11
DA:230,11
DA:235,11
DA:240,11
DA:243,11
DA:246,11
DA:252,11
DA:253,7
DA:254,7
DA:255,7
DA:256,7
DA:260,11
DA:278,11
DA:279,11
DA:280,11
DA:284,11
DA:285,11
DA:286,11
DA:287,11
DA:288,11
DA:291,11
DA:293,2
DA:294,2
DA:295,2
DA:296,2
DA:297,2
DA:298,2
DA:303,11
DA:304,11
DA:305,11
DA:307,11
DA:310,11
DA:312,0
DA:317,0
DA:318,0
DA:319,0
DA:320,0
DA:321,0
DA:325,0
DA:345,0
DA:348,11
DA:354,2
DA:372,11
LF:118
LH:104
BRDA:28,0,0,0
BRDA:31,1,0,0
BRDA:31,1,1,11
BRDA:44,2,0,11
BRDA:44,2,1,0
BRDA:48,3,0,11
BRDA:48,3,1,0
BRDA:64,4,0,0
BRDA:64,5,0,0
BRDA:81,6,0,8
BRDA:81,6,1,3
BRDA:86,7,0,8
BRDA:86,7,1,3
BRDA:99,8,0,5
BRDA:99,8,1,17
BRDA:99,9,0,22
BRDA:99,9,1,5
BRDA:110,10,0,1
BRDA:110,10,1,10
BRDA:110,11,0,11
BRDA:110,11,1,1
BRDA:124,12,0,13
BRDA:124,12,1,12
BRDA:125,13,0,25
BRDA:125,13,1,3
BRDA:133,14,0,0
BRDA:134,15,0,0
BRDA:134,15,1,2
BRDA:143,16,0,25
BRDA:143,16,1,0
BRDA:144,17,0,0
BRDA:144,17,1,25
BRDA:146,18,0,25
BRDA:146,18,1,0
BRDA:147,19,0,0
BRDA:147,19,1,25
BRDA:148,20,0,0
BRDA:148,20,1,0
BRDA:151,21,0,0
BRDA:151,21,1,25
BRDA:159,22,0,1
BRDA:159,22,1,24
BRDA:177,23,0,4
BRDA:177,23,1,3
BRDA:177,23,2,0
BRDA:177,23,3,0
BRDA:177,23,4,0
BRDA:202,24,0,11
BRDA:202,24,1,3
BRDA:202,24,2,0
BRDA:203,25,0,11
BRDA:203,25,1,3
BRDA:203,25,2,0
BRDA:206,26,0,11
BRDA:206,26,1,3
BRDA:207,27,0,11
BRDA:207,27,1,3
BRDA:209,28,0,11
BRDA:209,28,1,0
BRDA:210,29,0,11
BRDA:210,29,1,0
BRDA:211,30,0,11
BRDA:211,30,1,0
BRDA:212,31,0,11
BRDA:212,31,1,0
BRDA:219,32,0,11
BRDA:219,32,1,0
BRDA:221,33,0,0
BRDA:221,33,1,0
BRDA:227,34,0,1
BRDA:227,34,1,10
BRDA:230,35,0,0
BRDA:230,35,1,11
BRDA:235,36,0,0
BRDA:235,36,1,11
BRDA:252,37,0,7
BRDA:252,37,1,4
BRDA:254,38,0,7
BRDA:254,38,1,0
BRDA:291,39,0,2
BRDA:291,39,1,9
BRDA:291,40,0,11
BRDA:291,40,1,5
BRDA:291,40,2,2
BRDA:294,41,0,2
BRDA:294,41,1,0
BRDA:310,42,0,0
BRDA:310,42,1,11
BRDA:317,43,0,0
BRDA:317,43,1,0
BRDA:319,44,0,0
BRDA:319,44,1,0
BRDA:367,45,0,0
BRDA:368,46,0,0
BRF:94
BRH:56
end_of_record
TN:
SF:src\services\battle\BattleService.ts
FN:17,(anonymous_0)
FN:30,(anonymous_1)
FN:53,(anonymous_2)
FN:68,(anonymous_3)
FN:116,(anonymous_4)
FN:154,(anonymous_5)
FNF:6
FNH:6
FNDA:7,(anonymous_0)
FNDA:6,(anonymous_1)
FNDA:5,(anonymous_2)
FNDA:4,(anonymous_3)
FNDA:2,(anonymous_4)
FNDA:1,(anonymous_5)
DA:1,1
DA:2,1
DA:3,1
DA:11,1
DA:21,7
DA:22,7
DA:23,7
DA:24,7
DA:31,6
DA:32,6
DA:35,6
DA:36,5
DA:40,5
DA:42,5
DA:43,1
DA:44,1
DA:47,4
DA:53,5
DA:56,4
DA:58,4
DA:60,1
DA:61,1
DA:74,4
DA:76,4
DA:77,3
DA:79,3
DA:80,3
DA:83,3
DA:92,3
DA:99,2
DA:101,1
DA:106,4
DA:107,2
DA:109,2
DA:117,2
DA:118,2
DA:121,2
DA:124,1
DA:126,1
DA:127,1
DA:128,1
DA:131,0
DA:134,0
DA:135,0
DA:136,0
DA:137,0
DA:138,0
DA:140,0
DA:145,0
DA:147,1
DA:155,1
LF:51
LH:43
BRDA:42,0,0,1
BRDA:42,0,1,4
BRDA:106,1,0,2
BRDA:106,1,1,2
BRDA:126,2,0,1
BRDA:126,2,1,0
BRF:6
BRH:5
end_of_record
TN:
SF:src\services\battle\BattleTracker.ts
FN:54,(anonymous_0)
FN:190,(anonymous_1)
FN:204,(anonymous_2)
FN:209,(anonymous_3)
FN:221,(anonymous_4)
FN:228,(anonymous_5)
FN:235,(anonymous_6)
FNF:7
FNH:5
FNDA:23,(anonymous_0)
FNDA:0,(anonymous_1)
FNDA:3,(anonymous_2)
FNDA:3,(anonymous_3)
FNDA:0,(anonymous_4)
FNDA:5,(anonymous_5)
FNDA:1,(anonymous_6)
DA:1,2
DA:44,2
DA:45,18
DA:55,23
DA:56,23
DA:58,23
DA:59,26
DA:60,26
DA:63,26
DA:64,26
DA:65,26
DA:66,26
DA:68,26
DA:70,18
DA:72,18
DA:75,18
DA:86,18
DA:93,8
DA:94,8
DA:97,8
DA:98,2
DA:101,2
DA:108,2
DA:111,8
DA:112,0
DA:115,0
DA:122,0
DA:126,8
DA:127,3
DA:130,3
DA:137,3
DA:142,8
DA:143,0
DA:146,0
DA:153,0
DA:154,0
DA:160,8
DA:161,5
DA:168,5
DA:180,3
DA:187,23
DA:188,23
DA:189,26
DA:190,0
DA:191,0
DA:192,0
DA:193,0
DA:198,23
DA:205,3
DA:206,3
DA:208,3
DA:209,3
DA:210,3
DA:211,0
DA:215,3
DA:222,0
DA:229,5
DA:236,1
DA:237,1
LF:59
LH:46
BRDA:63,0,0,26
BRDA:63,0,1,0
BRDA:64,1,0,26
BRDA:64,1,1,0
BRDA:65,2,0,26
BRDA:65,2,1,0
BRDA:66,3,0,26
BRDA:66,3,1,0
BRDA:68,4,0,18
BRDA:68,4,1,8
BRDA:97,5,0,2
BRDA:97,5,1,6
BRDA:111,6,0,0
BRDA:111,6,1,8
BRDA:122,7,0,0
BRDA:122,7,1,0
BRDA:126,8,0,3
BRDA:126,8,1,5
BRDA:137,9,0,2
BRDA:137,9,1,1
BRDA:142,10,0,0
BRDA:142,10,1,8
BRDA:153,11,0,0
BRDA:153,11,1,0
BRDA:154,12,0,0
BRDA:154,12,1,0
BRDA:160,13,0,5
BRDA:160,13,1,3
BRDA:189,14,0,0
BRDA:189,14,1,26
BRDA:191,15,0,0
BRDA:191,15,1,0
BRDA:210,16,0,0
BRDA:210,16,1,3
BRDA:210,17,0,3
BRDA:210,17,1,1
BRDA:222,18,0,0
BRDA:222,18,1,0
BRF:38
BRH:20
end_of_record
TN:
SF:src\services\discord\DiscordService.ts
FN:15,(anonymous_0)
FN:24,(anonymous_1)
FN:74,(anonymous_2)
FN:89,(anonymous_3)
FN:113,(anonymous_4)
FN:157,(anonymous_5)
FN:165,(anonymous_6)
FN:185,(anonymous_7)
FN:216,(anonymous_8)
FN:238,(anonymous_9)
FN:247,(anonymous_10)
FN:257,(anonymous_11)
FNF:12
FNH:0
FNDA:0,(anonymous_0)
FNDA:0,(anonymous_1)
FNDA:0,(anonymous_2)
FNDA:0,(anonymous_3)
FNDA:0,(anonymous_4)
FNDA:0,(anonymous_5)
FNDA:0,(anonymous_6)
FNDA:0,(anonymous_7)
FNDA:0,(anonymous_8)
FNDA:0,(anonymous_9)
FNDA:0,(anonymous_10)
FNDA:0,(anonymous_11)
DA:2,1
DA:9,1
DA:12,0
DA:16,0
DA:17,0
DA:18,0
DA:25,0
DA:26,0
DA:28,0
DA:29,0
DA:32,0
DA:34,0
DA:35,0
DA:36,0
DA:38,0
DA:39,0
DA:40,0
DA:43,0
DA:44,0
DA:45,0
DA:48,0
DA:49,0
DA:51,0
DA:56,0
DA:57,0
DA:60,0
DA:62,0
DA:63,0
DA:75,0
DA:77,0
DA:78,0
DA:81,0
DA:82,0
DA:83,0
DA:86,0
DA:88,0
DA:89,0
DA:93,0
DA:96,0
DA:98,0
DA:100,0
DA:101,0
DA:119,0
DA:121,0
DA:122,0
DA:125,0
DA:126,0
DA:128,0
DA:129,0
DA:130,0
DA:133,0
DA:135,0
DA:136,0
DA:137,0
DA:138,0
DA:141,0
DA:142,0
DA:146,0
DA:149,0
DA:150,0
DA:164,0
DA:165,0
DA:168,0
DA:172,0
DA:173,0
DA:175,0
DA:176,0
DA:178,0
DA:186,0
DA:187,0
DA:188,0
DA:189,0
DA:192,0
DA:193,0
DA:194,0
DA:195,0
DA:198,0
DA:199,0
DA:200,0
DA:201,0
DA:202,0
DA:204,0
DA:206,0
DA:217,0
DA:219,0
DA:220,0
DA:223,0
DA:224,0
DA:225,0
DA:227,0
DA:228,0
DA:239,0
DA:248,0
DA:258,0
DA:259,0
DA:261,0
DA:262,0
LF:97
LH:2
BRDA:28,0,0,0
BRDA:28,0,1,0
BRDA:38,1,0,0
BRDA:38,1,1,0
BRDA:43,2,0,0
BRDA:43,2,1,0
BRDA:56,3,0,0
BRDA:56,3,1,0
BRDA:77,4,0,0
BRDA:77,4,1,0
BRDA:81,5,0,0
BRDA:81,5,1,0
BRDA:93,6,0,0
BRDA:93,6,1,0
BRDA:121,7,0,0
BRDA:121,7,1,0
BRDA:128,8,0,0
BRDA:128,8,1,0
BRDA:128,9,0,0
BRDA:128,9,1,0
BRDA:133,10,0,0
BRDA:133,10,1,0
BRDA:164,11,0,0
BRDA:164,11,1,0
BRDA:168,12,0,0
BRDA:168,12,1,0
BRDA:175,13,0,0
BRDA:175,13,1,0
BRDA:187,14,0,0
BRDA:187,14,1,0
BRDA:193,15,0,0
BRDA:193,15,1,0
BRDA:219,16,0,0
BRDA:219,16,1,0
BRDA:239,17,0,0
BRDA:239,17,1,0
BRF:36
BRH:0
end_of_record
TN:
SF:src\services\discord\MessageTracker.ts
FN:13,(anonymous_0)
FN:24,(anonymous_1)
FN:31,(anonymous_2)
FN:39,(anonymous_3)
FN:46,(anonymous_4)
FNF:5
FNH:5
FNDA:16,(anonymous_0)
FNDA:10,(anonymous_1)
FNDA:2,(anonymous_2)
FNDA:4,(anonymous_3)
FNDA:1,(anonymous_4)
DA:1,1
DA:7,1
DA:8,10
DA:14,16
DA:15,11
DA:17,16
DA:18,16
DA:25,10
DA:32,2
DA:33,2
DA:40,4
DA:47,1
DA:48,1
LF:13
LH:13
BRDA:14,0,0,11
BRDA:14,0,1,5
BRDA:40,1,0,4
BRDA:40,1,1,2
BRF:4
BRH:4
end_of_record
